июл. 29, 2023 12:33:20 PM Model.DataLogger saveData
INFO: 
29/07/2023 12:33:11  Игрушка №1. Шанс выигрыша: 3,92
29/07/2023 12:33:11  Игрушка №4. Шанс выигрыша: 2,33
29/07/2023 12:33:11  Игрушка №4. Шанс выигрыша: 2,34
29/07/2023 12:33:11  Игрушка №4. Шанс выигрыша: 2,36
29/07/2023 12:33:11  Игрушка №4. Шанс выигрыша: 2,37
29/07/2023 12:33:11  Игрушка №3. Шанс выигрыша: 9,16
29/07/2023 12:33:11  Игрушка №3. Шанс выигрыша: 9,33
29/07/2023 12:33:11  Игрушка №1. Шанс выигрыша: 3,93
29/07/2023 12:33:11  Игрушка №3. Шанс выигрыша: 9,42
29/07/2023 12:33:11  Игрушка №4. Шанс выигрыша: 2,35
29/07/2023 12:33:11  Игрушка №1. Шанс выигрыша: 4,01
29/07/2023 12:33:11  Игрушка №2. Шанс выигрыша: 8,90
29/07/2023 12:33:11  Игрушка №2. Шанс выигрыша: 8,98
29/07/2023 12:33:11  123. Шанс выигрыша: 8,88
29/07/2023 12:33:11  123. Шанс выигрыша: 9,04
29/07/2023 12:33:11  Игрушка №1. Шанс выигрыша: 4,09
29/07/2023 12:33:11  Игрушка №4. Шанс выигрыша: 2,31
29/07/2023 12:33:11  Игрушка №1. Шанс выигрыша: 4,19
29/07/2023 12:33:11  Игрушка №4. Шанс выигрыша: 2,30
29/07/2023 12:33:11  123. Шанс выигрыша: 8,96
29/07/2023 12:33:11  Игрушка №4. Шанс выигрыша: 2,31
29/07/2023 12:33:11  Игрушка №4. Шанс выигрыша: 2,32
29/07/2023 12:33:11  Игрушка №4. Шанс выигрыша: 2,34
29/07/2023 12:33:11  Игрушка №1. Шанс выигрыша: 4,23
29/07/2023 12:33:11  123. Шанс выигрыша: 8,91
29/07/2023 12:33:11  Игрушка №4. Шанс выигрыша: 2,32
29/07/2023 12:33:11  Игрушка №4. Шанс выигрыша: 2,34
29/07/2023 12:33:11  Игрушка №2. Шанс выигрыша: 8,45
29/07/2023 12:33:11  Игрушка №1. Шанс выигрыша: 4,31
29/07/2023 12:33:11  123. Шанс выигрыша: 8,90
29/07/2023 12:33:11  Игрушка №4. Шанс выигрыша: 2,32
29/07/2023 12:33:11  Игрушка №4. Шанс выигрыша: 2,34
29/07/2023 12:33:11  123. Шанс выигрыша: 8,99
29/07/2023 12:33:11  Игрушка №2. Шанс выигрыша: 8,32
29/07/2023 12:33:11  Игрушка №1. Шанс выигрыша: 4,38
29/07/2023 12:33:11  Игрушка №1. Шанс выигрыша: 4,53
29/07/2023 12:33:11  Игрушка №1. Шанс выигрыша: 4,70
29/07/2023 12:33:11  Игрушка №4. Шанс выигрыша: 2,27
29/07/2023 12:33:11  Игрушка №2. Шанс выигрыша: 8,10
29/07/2023 12:33:11  Игрушка №1. Шанс выигрыша: 4,86
29/07/2023 12:33:11  Игрушка №4. Шанс выигрыша: 2,26
29/07/2023 12:33:11  Игрушка №2. Шанс выигрыша: 8,05
29/07/2023 12:33:11  123. Шанс выигрыша: 8,68
29/07/2023 12:33:11  Игрушка №2. Шанс выигрыша: 8,11
29/07/2023 12:33:11  Игрушка №3. Шанс выигрыша: 8,10
29/07/2023 12:33:11  Игрушка №1. Шанс выигрыша: 4,99
29/07/2023 12:33:11  Игрушка №4. Шанс выигрыша: 2,24
29/07/2023 12:33:11  Игрушка №4. Шанс выигрыша: 2,25
29/07/2023 12:33:11  Игрушка №3. Шанс выигрыша: 8,08
29/07/2023 12:33:11  Игрушка №1. Шанс выигрыша: 5,15
29/07/2023 12:33:11  Игрушка №2. Шанс выигрыша: 7,88
29/07/2023 12:33:11  123. Шанс выигрыша: 8,51
29/07/2023 12:33:11  Игрушка №1. Шанс выигрыша: 5,37
29/07/2023 12:33:11  Игрушка №4. Шанс выигрыша: 2,20
29/07/2023 12:33:11  Игрушка №4. Шанс выигрыша: 2,22
29/07/2023 12:33:11  Игрушка №4. Шанс выигрыша: 2,23
29/07/2023 12:33:11  Игрушка №4. Шанс выигрыша: 2,25
29/07/2023 12:33:11  Игрушка №4. Шанс выигрыша: 2,26
29/07/2023 12:33:11  123. Шанс выигрыша: 8,36
29/07/2023 12:33:11  123. Шанс выигрыша: 8,54
29/07/2023 12:33:11  Игрушка №4. Шанс выигрыша: 2,27
29/07/2023 12:33:11  Игрушка №4. Шанс выигрыша: 2,28
29/07/2023 12:33:11  Игрушка №4. Шанс выигрыша: 2,30
29/07/2023 12:33:11  123. Шанс выигрыша: 8,58
29/07/2023 12:33:11  Игрушка №4. Шанс выигрыша: 2,31
29/07/2023 12:33:11  Игрушка №4. Шанс выигрыша: 2,33
29/07/2023 12:33:11  Игрушка №1. Шанс выигрыша: 5,28
29/07/2023 12:33:11  Игрушка №4. Шанс выигрыша: 2,32
29/07/2023 12:33:11  Игрушка №4. Шанс выигрыша: 2,34
29/07/2023 12:33:11  Игрушка №3. Шанс выигрыша: 7,33
29/07/2023 12:33:11  Игрушка №4. Шанс выигрыша: 2,35
29/07/2023 12:33:11  Игрушка №3. Шанс выигрыша: 7,43
29/07/2023 12:33:11  Игрушка №1. Шанс выигрыша: 5,43
29/07/2023 12:33:11  Игрушка №4. Шанс выигрыша: 2,33
29/07/2023 12:33:11  Игрушка №2. Шанс выигрыша: 6,96
29/07/2023 12:33:11  Игрушка №4. Шанс выигрыша: 2,35
29/07/2023 12:33:11  Игрушка №2. Шанс выигрыша: 6,98
29/07/2023 12:33:11  Игрушка №3. Шанс выигрыша: 7,37
29/07/2023 12:33:11  Игрушка №4. Шанс выигрыша: 2,36
29/07/2023 12:33:11  Игрушка №2. Шанс выигрыша: 6,98
29/07/2023 12:33:11  Игрушка №4. Шанс выигрыша: 2,38
29/07/2023 12:33:11  Игрушка №4. Шанс выигрыша: 2,40
29/07/2023 12:33:11  Игрушка №4. Шанс выигрыша: 2,42
29/07/2023 12:33:11  Игрушка №1. Шанс выигрыша: 5,49
29/07/2023 12:33:11  Игрушка №4. Шанс выигрыша: 2,41
29/07/2023 12:33:11  Игрушка №3. Шанс выигрыша: 7,18
29/07/2023 12:33:11  Игрушка №3. Шанс выигрыша: 7,33
29/07/2023 12:33:11  Игрушка №2. Шанс выигрыша: 6,73
29/07/2023 12:33:11  123. Шанс выигрыша: 7,67
29/07/2023 12:33:11  123. Шанс выигрыша: 7,84
29/07/2023 12:33:11  Игрушка №3. Шанс выигрыша: 7,43
29/07/2023 12:33:11  Игрушка №1. Шанс выигрыша: 5,69
29/07/2023 12:33:11  Игрушка №4. Шанс выигрыша: 2,35
29/07/2023 12:33:11  123. Шанс выигрыша: 7,84
29/07/2023 12:33:11  123. Шанс выигрыша: 8,03
29/07/2023 12:33:11  Игрушка №4. Шанс выигрыша: 2,36
29/07/2023 12:33:11  123. Шанс выигрыша: 8,17
29/07/2023 12:33:11  Игрушка №2. Шанс выигрыша: 6,48
29/07/2023 12:33:11  Игрушка №2. Шанс выигрыша: 6,54
29/07/2023 12:33:11  Игрушка №4. Шанс выигрыша: 2,37
29/07/2023 12:33:11  Игрушка №2. Шанс выигрыша: 6,56
29/07/2023 12:33:11  Игрушка №1. Шанс выигрыша: 5,86
29/07/2023 12:33:11  123. Шанс выигрыша: 8,16
29/07/2023 12:33:11  Игрушка №2. Шанс выигрыша: 6,51
29/07/2023 12:33:11  Игрушка №4. Шанс выигрыша: 2,34
29/07/2023 12:33:11  123. Шанс выигрыша: 8,30
29/07/2023 12:33:11  Игрушка №1. Шанс выигрыша: 6,20
29/07/2023 12:33:11  Игрушка №2. Шанс выигрыша: 6,40
29/07/2023 12:33:11  123. Шанс выигрыша: 8,39
29/07/2023 12:33:11  Игрушка №4. Шанс выигрыша: 2,31
29/07/2023 12:33:11  Игрушка №1. Шанс выигрыша: 6,64
29/07/2023 12:33:11  Игрушка №4. Шанс выигрыша: 2,29
29/07/2023 12:33:11  Игрушка №2. Шанс выигрыша: 6,25
29/07/2023 12:33:11  Игрушка №4. Шанс выигрыша: 2,31
29/07/2023 12:33:11  Игрушка №4. Шанс выигрыша: 2,34
29/07/2023 12:33:11  Игрушка №4. Шанс выигрыша: 2,36
29/07/2023 12:33:11  Игрушка №2. Шанс выигрыша: 6,17
29/07/2023 12:33:11  Игрушка №4. Шанс выигрыша: 2,38
29/07/2023 12:33:11  Игрушка №1. Шанс выигрыша: 6,96
29/07/2023 12:33:11  123. Шанс выигрыша: 7,95
29/07/2023 12:33:11  123. Шанс выигрыша: 8,18
29/07/2023 12:33:11  Игрушка №2. Шанс выигрыша: 6,04
29/07/2023 12:33:11  Игрушка №4. Шанс выигрыша: 2,35
29/07/2023 12:33:11  Игрушка №3. Шанс выигрыша: 6,21
29/07/2023 12:33:11  Игрушка №2. Шанс выигрыша: 6,03
29/07/2023 12:33:11  Игрушка №2. Шанс выигрыша: 6,09
29/07/2023 12:33:11  Игрушка №1. Шанс выигрыша: 7,50
29/07/2023 12:33:11  Игрушка №4. Шанс выигрыша: 2,31
29/07/2023 12:33:11  Игрушка №1. Шанс выигрыша: 8,36
29/07/2023 12:33:11  Игрушка №4. Шанс выигрыша: 2,30
29/07/2023 12:33:11  Игрушка №3. Шанс выигрыша: 6,00
29/07/2023 12:33:11  Игрушка №2. Шанс выигрыша: 5,82
29/07/2023 12:33:11  Игрушка №2. Шанс выигрыша: 5,88
29/07/2023 12:33:11  Игрушка №3. Шанс выигрыша: 6,11
29/07/2023 12:33:11  Игрушка №4. Шанс выигрыша: 2,30
29/07/2023 12:33:11  123. Шанс выигрыша: 7,69
29/07/2023 12:33:11  Игрушка №2. Шанс выигрыша: 5,84
29/07/2023 12:33:11  Игрушка №2. Шанс выигрыша: 5,91
29/07/2023 12:33:11  Игрушка №2. Шанс выигрыша: 5,97
29/07/2023 12:33:11  123. Шанс выигрыша: 7,88
29/07/2023 12:33:11  Игрушка №4. Шанс выигрыша: 2,29
29/07/2023 12:33:11  Игрушка №4. Шанс выигрыша: 2,31
29/07/2023 12:33:11  Игрушка №4. Шанс выигрыша: 2,34
29/07/2023 12:33:11  Игрушка №2. Шанс выигрыша: 5,85
29/07/2023 12:33:11  Игрушка №3. Шанс выигрыша: 5,92
29/07/2023 12:33:11  Игрушка №4. Шанс выигрыша: 2,36
29/07/2023 12:33:11  Игрушка №3. Шанс выигрыша: 6,00
29/07/2023 12:33:11  123. Шанс выигрыша: 7,74
29/07/2023 12:33:11  Игрушка №3. Шанс выигрыша: 6,12
29/07/2023 12:33:11  Игрушка №2. Шанс выигрыша: 5,75
29/07/2023 12:33:11  Игрушка №4. Шанс выигрыша: 2,35
29/07/2023 12:33:11  Игрушка №3. Шанс выигрыша: 6,20
29/07/2023 12:33:11  Игрушка №3. Шанс выигрыша: 6,36
29/07/2023 12:33:11  Игрушка №4. Шанс выигрыша: 2,35
29/07/2023 12:33:11  Игрушка №4. Шанс выигрыша: 2,39
29/07/2023 12:33:11  Игрушка №2. Шанс выигрыша: 5,59
29/07/2023 12:33:11  Игрушка №4. Шанс выигрыша: 2,41
29/07/2023 12:33:11  Игрушка №2. Шанс выигрыша: 5,60
29/07/2023 12:33:11  Игрушка №4. Шанс выигрыша: 2,44
29/07/2023 12:33:11  Игрушка №3. Шанс выигрыша: 6,24
29/07/2023 12:33:11  Игрушка №4. Шанс выигрыша: 2,47
29/07/2023 12:33:11  Игрушка №4. Шанс выигрыша: 2,51
29/07/2023 12:33:11  Игрушка №2. Шанс выигрыша: 5,46
29/07/2023 12:33:11  Игрушка №2. Шанс выигрыша: 5,53
29/07/2023 12:33:11  Игрушка №4. Шанс выигрыша: 2,53
29/07/2023 12:33:11  Игрушка №2. Шанс выигрыша: 5,54
29/07/2023 12:33:11  Игрушка №4. Шанс выигрыша: 2,57
29/07/2023 12:33:11  Игрушка №3. Шанс выигрыша: 6,10
29/07/2023 12:33:11  Игрушка №3. Шанс выигрыша: 6,28
29/07/2023 12:33:11  Игрушка №1. Шанс выигрыша: 7,54
29/07/2023 12:33:11  Игрушка №1. Шанс выигрыша: 8,85
29/07/2023 12:33:11  Игрушка №2. Шанс выигрыша: 5,24
29/07/2023 12:33:11  Игрушка №4. Шанс выигрыша: 2,46
29/07/2023 12:33:11  Игрушка №2. Шанс выигрыша: 5,25
29/07/2023 12:33:11  Игрушка №2. Шанс выигрыша: 5,31
29/07/2023 12:33:11  Игрушка №2. Шанс выигрыша: 5,38
29/07/2023 12:33:11  Игрушка №2. Шанс выигрыша: 5,45
29/07/2023 12:33:11  123. Шанс выигрыша: 6,48
29/07/2023 12:33:11  Игрушка №2. Шанс выигрыша: 5,49
29/07/2023 12:33:11  Игрушка №1. Шанс выигрыша: 10,44
29/07/2023 12:33:11  123. Шанс выигрыша: 6,52
29/07/2023 12:33:11  Игрушка №4. Шанс выигрыша: 2,38
29/07/2023 12:33:11  123. Шанс выигрыша: 6,67
29/07/2023 12:33:11  Игрушка №2. Шанс выигрыша: 5,30
29/07/2023 12:33:11  Игрушка №2. Шанс выигрыша: 5,37
29/07/2023 12:33:11  123. Шанс выигрыша: 6,87
29/07/2023 12:33:11  Игрушка №2. Шанс выигрыша: 5,41
29/07/2023 12:33:11  Игрушка №3. Шанс выигрыша: 5,59
29/07/2023 12:33:11  Игрушка №1. Шанс выигрыша: 12,96
29/07/2023 12:33:11  Игрушка №4. Шанс выигрыша: 2,30
29/07/2023 12:33:11  Игрушка №2. Шанс выигрыша: 5,25
29/07/2023 12:33:11  Игрушка №4. Шанс выигрыша: 2,33
29/07/2023 12:33:11  Игрушка №2. Шанс выигрыша: 5,25
29/07/2023 12:33:11  123. Шанс выигрыша: 6,66
29/07/2023 12:33:11  Игрушка №3. Шанс выигрыша: 5,39
29/07/2023 12:33:11  123. Шанс выигрыша: 6,88
29/07/2023 12:33:11  Игрушка №4. Шанс выигрыша: 2,31
29/07/2023 12:33:11  Игрушка №2. Шанс выигрыша: 5,15
29/07/2023 12:33:11  Игрушка №4. Шанс выигрыша: 2,35
29/07/2023 12:33:11  Игрушка №3. Шанс выигрыша: 5,35

июл. 29, 2023 12:37:10 PM Model.DataLogger saveData
INFO: 
29/07/2023 12:37:01  123. Шанс выигрыша: 940,00%
29/07/2023 12:37:01  Игрушка №4. Шанс выигрыша: 234,50%
29/07/2023 12:37:01  Игрушка №1. Шанс выигрыша: 389,17%
29/07/2023 12:37:01  Игрушка №1. Шанс выигрыша: 399,14%
29/07/2023 12:37:01  Игрушка №1. Шанс выигрыша: 409,82%
29/07/2023 12:37:01  Игрушка №4. Шанс выигрыша: 229,80%
29/07/2023 12:37:01  123. Шанс выигрыша: 924,49%
29/07/2023 12:37:01  Игрушка №3. Шанс выигрыша: 904,00%
29/07/2023 12:37:01  Игрушка №4. Шанс выигрыша: 230,10%
29/07/2023 12:37:01  Игрушка №1. Шанс выигрыша: 415,74%
29/07/2023 12:37:01  123. Шанс выигрыша: 927,08%
29/07/2023 12:37:01  123. Шанс выигрыша: 944,68%
29/07/2023 12:37:01  Игрушка №4. Шанс выигрыша: 228,35%
29/07/2023 12:37:01  Игрушка №1. Шанс выигрыша: 424,04%
29/07/2023 12:37:01  Игрушка №1. Шанс выигрыша: 437,00%
29/07/2023 12:37:01  Игрушка №4. Шанс выигрыша: 225,52%
29/07/2023 12:37:01  Игрушка №2. Шанс выигрыша: 862,00%
29/07/2023 12:37:01  Игрушка №1. Шанс выигрыша: 448,44%
29/07/2023 12:37:01  123. Шанс выигрыша: 927,17%
29/07/2023 12:37:01  Игрушка №4. Шанс выигрыша: 223,95%
29/07/2023 12:37:01  Игрушка №1. Шанс выигрыша: 460,33%
29/07/2023 12:37:01  Игрушка №1. Шанс выигрыша: 476,70%
29/07/2023 12:37:01  Игрушка №4. Шанс выигрыша: 221,01%
29/07/2023 12:37:01  Игрушка №4. Шанс выигрыша: 222,31%
29/07/2023 12:37:01  Игрушка №2. Шанс выигрыша: 831,31%
29/07/2023 12:37:01  123. Шанс выигрыша: 913,33%
29/07/2023 12:37:01  123. Шанс выигрыша: 931,82%
29/07/2023 12:37:01  Игрушка №3. Шанс выигрыша: 834,69%
29/07/2023 12:37:01  Игрушка №4. Шанс выигрыша: 221,74%
29/07/2023 12:37:01  Игрушка №4. Шанс выигрыша: 223,08%

июл. 29, 2023 12:40:35 PM Model.DataLogger saveData
INFO: 
29/07/2023 12:40:24  Игрушка №1. Шанс выигрыша: 25,53%
29/07/2023 12:40:24  Игрушка №3. Шанс выигрыша: 10,73%
29/07/2023 12:40:24  123. Шанс выигрыша: 10,75%
29/07/2023 12:40:24  Игрушка №3. Шанс выигрыша: 10,56%
29/07/2023 12:40:24  Игрушка №3. Шанс выигрыша: 10,37%
29/07/2023 12:40:24  Игрушка №4. Шанс выигрыша: 43,29%
29/07/2023 12:40:24  Игрушка №2. Шанс выигрыша: 10,87%
29/07/2023 12:40:24  Игрушка №4. Шанс выигрыша: 43,09%
29/07/2023 12:40:24  Игрушка №4. Шанс выигрыша: 42,84%
29/07/2023 12:40:24  Игрушка №2. Шанс выигрыша: 10,87%
29/07/2023 12:40:24  Игрушка №4. Шанс выигрыша: 42,64%
29/07/2023 12:40:24  Игрушка №3. Шанс выигрыша: 10,38%
29/07/2023 12:40:24  Игрушка №1. Шанс выигрыша: 25,66%
29/07/2023 12:40:24  Игрушка №3. Шанс выигрыша: 10,27%
29/07/2023 12:40:24  Игрушка №4. Шанс выигрыша: 42,95%
29/07/2023 12:40:24  Игрушка №4. Шанс выигрыша: 42,70%
29/07/2023 12:40:24  Игрушка №4. Шанс выигрыша: 42,44%
29/07/2023 12:40:24  Игрушка №4. Шанс выигрыша: 42,18%
29/07/2023 12:40:24  123. Шанс выигрыша: 11,16%
29/07/2023 12:40:24  Игрушка №1. Шанс выигрыша: 25,57%
29/07/2023 12:40:24  Игрушка №2. Шанс выигрыша: 11,29%
29/07/2023 12:40:24  Игрушка №2. Шанс выигрыша: 11,19%
29/07/2023 12:40:24  123. Шанс выигрыша: 11,09%
29/07/2023 12:40:24  Игрушка №4. Шанс выигрыша: 42,59%
29/07/2023 12:40:24  Игрушка №4. Шанс выигрыша: 42,33%
29/07/2023 12:40:24  Игрушка №4. Шанс выигрыша: 42,06%
29/07/2023 12:40:24  Игрушка №4. Шанс выигрыша: 41,78%
29/07/2023 12:40:24  123. Шанс выигрыша: 11,08%
29/07/2023 12:40:24  Игрушка №2. Шанс выигрыша: 11,35%
29/07/2023 12:40:24  Игрушка №2. Шанс выигрыша: 11,24%

июл. 29, 2023 4:54:17 PM Model.DataLogger saveData
INFO: 
29/07/2023 16:53:58  Игрушка №4. Шанс выигрыша: 42,55%
29/07/2023 16:53:58  Игрушка №4. Шанс выигрыша: 42,31%
29/07/2023 16:53:58  123. Шанс выигрыша: 10,73%
29/07/2023 16:53:58  Игрушка №3. Шанс выигрыша: 10,75%
29/07/2023 16:53:58  123. Шанс выигрыша: 10,56%
29/07/2023 16:53:58  Игрушка №4. Шанс выигрыша: 42,33%
29/07/2023 16:53:58  Игрушка №4. Шанс выигрыша: 42,08%
29/07/2023 16:53:58  Игрушка №4. Шанс выигрыша: 41,83%
29/07/2023 16:53:58  Игрушка №4. Шанс выигрыша: 41,58%
29/07/2023 16:53:58  Игрушка №1. Шанс выигрыша: 26,37%
29/07/2023 16:53:58  123. Шанс выигрыша: 10,64%
29/07/2023 16:53:58  Игрушка №1. Шанс выигрыша: 25,78%
29/07/2023 16:53:58  123. Шанс выигрыша: 10,54%
29/07/2023 16:53:58  Игрушка №1. Шанс выигрыша: 25,17%
29/07/2023 16:53:58  Игрушка №2. Шанс выигрыша: 11,34%
29/07/2023 16:53:58  123. Шанс выигрыша: 10,44%
29/07/2023 16:53:58  Игрушка №4. Шанс выигрыша: 42,78%
29/07/2023 16:53:58  123. Шанс выигрыша: 10,29%
29/07/2023 16:53:58  123. Шанс выигрыша: 10,08%
29/07/2023 16:53:58  123. Шанс выигрыша: 9,87%

июл. 29, 2023 5:22:10 PM Model.DataLogger saveData
INFO: 
29/07/2023 17:20:43  151. Шанс выигрыша: 100,00%
29/07/2023 17:20:43  151. Шанс выигрыша: 100,00%
29/07/2023 17:20:43  151. Шанс выигрыша: 100,00%

июл. 29, 2023 5:22:33 PM Model.DataLogger saveData
INFO: 
29/07/2023 17:20:43  20. Шанс выигрыша: 64,98%

июл. 29, 2023 5:37:25 PM Model.DataLogger saveData
INFO: 
29/07/2023 17:37:02  110. Шанс выигрыша: 100,00%

июл. 29, 2023 6:01:09 PM Model.DataLogger saveData
INFO: 
29/07/2023 18:00:42  Игрушка №2. Шанс выигрыша: 10,64%
29/07/2023 18:00:42  Игрушка №4. Шанс выигрыша: 42,60%
29/07/2023 18:00:42  Игрушка №3. Шанс выигрыша: 10,70%
29/07/2023 18:00:42  Игрушка №4. Шанс выигрыша: 42,44%
29/07/2023 18:00:42  Игрушка №1. Шанс выигрыша: 25,83%
29/07/2023 18:00:42  Игрушка №4. Шанс выигрыша: 42,56%
29/07/2023 18:00:42  Игрушка №1. Шанс выигрыша: 25,30%
29/07/2023 18:00:42  123. Шанс выигрыша: 11,00%
29/07/2023 18:00:42  123. Шанс выигрыша: 10,80%
29/07/2023 18:00:42  Игрушка №4. Шанс выигрыша: 42,87%
29/07/2023 18:00:42  Игрушка №4. Шанс выигрыша: 42,62%
29/07/2023 18:00:42  Игрушка №4. Шанс выигрыша: 42,36%
29/07/2023 18:00:42  Игрушка №4. Шанс выигрыша: 42,11%
29/07/2023 18:00:42  Игрушка №1. Шанс выигрыша: 25,20%
29/07/2023 18:00:42  Игрушка №2. Шанс выигрыша: 11,24%
29/07/2023 18:00:42  Игрушка №2. Шанс выигрыша: 11,14%
29/07/2023 18:00:42  Игрушка №1. Шанс выигрыша: 24,57%
29/07/2023 18:00:42  Игрушка №3. Шанс выигрыша: 11,25%
29/07/2023 18:00:42  Игрушка №3. Шанс выигрыша: 11,05%
29/07/2023 18:00:42  Игрушка №4. Шанс выигрыша: 42,91%

июл. 29, 2023 6:51:51 PM Model.DataLogger saveData
INFO: 
29/07/2023 18:51:32  Игрушка №2. Шанс выигрыша: 10,64%
29/07/2023 18:51:32  Игрушка №3. Шанс выигрыша: 10,65%
29/07/2023 18:51:32  Игрушка №4. Шанс выигрыша: 42,69%
29/07/2023 18:51:32  Игрушка №2. Шанс выигрыша: 10,61%
29/07/2023 18:51:32  Игрушка №4. Шанс выигрыша: 42,49%
29/07/2023 18:51:32  Игрушка №2. Шанс выигрыша: 10,56%
29/07/2023 18:51:32  Игрушка №3. Шанс выигрыша: 10,57%
29/07/2023 18:51:32  Игрушка №1. Шанс выигрыша: 25,95%
29/07/2023 18:51:32  Игрушка №1. Шанс выигрыша: 25,30%
29/07/2023 18:51:32  Игрушка №1. Шанс выигрыша: 24,64%
29/07/2023 18:51:32  Игрушка №4. Шанс выигрыша: 43,51%
29/07/2023 18:51:32  Игрушка №4. Шанс выигрыша: 43,26%
29/07/2023 18:51:32  123. Шанс выигрыша: 11,20%
29/07/2023 18:51:32  123. Шанс выигрыша: 11,00%
29/07/2023 18:51:32  Игрушка №4. Шанс выигрыша: 43,19%
29/07/2023 18:51:32  Игрушка №1. Шанс выигрыша: 24,41%
29/07/2023 18:51:32  Игрушка №2. Шанс выигрыша: 11,06%
29/07/2023 18:51:32  Игрушка №4. Шанс выигрыша: 43,38%
29/07/2023 18:51:32  Игрушка №4. Шанс выигрыша: 43,12%
29/07/2023 18:51:32  123. Шанс выигрыша: 11,06%
29/07/2023 18:51:32  123. Шанс выигрыша: 10,85%
29/07/2023 18:51:32  Игрушка №1. Шанс выигрыша: 24,07%
29/07/2023 18:51:32  Игрушка №2. Шанс выигрыша: 11,21%
29/07/2023 18:51:32  Игрушка №1. Шанс выигрыша: 23,39%
29/07/2023 18:51:32  Игрушка №1. Шанс выигрыша: 22,67%
29/07/2023 18:51:32  Игрушка №4. Шанс выигрыша: 44,34%
29/07/2023 18:51:32  Игрушка №3. Шанс выигрыша: 11,50%
29/07/2023 18:51:32  Игрушка №4. Шанс выигрыша: 44,18%
29/07/2023 18:51:32  Игрушка №4. Шанс выигрыша: 43,91%
29/07/2023 18:51:32  Игрушка №4. Шанс выигрыша: 43,64%
29/07/2023 18:51:32  Игрушка №1. Шанс выигрыша: 22,41%
29/07/2023 18:51:32  Игрушка №2. Шанс выигрыша: 11,69%
29/07/2023 18:51:32  Игрушка №4. Шанс выигрыша: 43,84%
29/07/2023 18:51:32  Игрушка №2. Шанс выигрыша: 11,63%
29/07/2023 18:51:32  Игрушка №1. Шанс выигрыша: 21,81%
29/07/2023 18:51:32  123. Шанс выигрыша: 11,51%
29/07/2023 18:51:32  Игрушка №3. Шанс выигрыша: 11,79%
29/07/2023 18:51:32  Игрушка №4. Шанс выигрыша: 44,28%
29/07/2023 18:51:32  Игрушка №4. Шанс выигрыша: 43,99%
29/07/2023 18:51:32  123. Шанс выигрыша: 11,44%
29/07/2023 18:51:32  Игрушка №1. Шанс выигрыша: 21,40%
29/07/2023 18:51:32  Игрушка №4. Шанс выигрыша: 44,27%
29/07/2023 18:51:32  Игрушка №1. Шанс выигрыша: 20,70%
29/07/2023 18:51:32  123. Шанс выигрыша: 11,50%
29/07/2023 18:51:32  Игрушка №4. Шанс выигрыша: 44,56%
29/07/2023 18:51:32  Игрушка №4. Шанс выигрыша: 44,27%
29/07/2023 18:51:32  Игрушка №4. Шанс выигрыша: 43,97%
29/07/2023 18:51:32  Игрушка №4. Шанс выигрыша: 43,68%
29/07/2023 18:51:32  Игрушка №4. Шанс выигрыша: 43,37%
29/07/2023 18:51:32  Игрушка №1. Шанс выигрыша: 20,46%

июл. 30, 2023 4:50:13 AM Model.DataLogger saveData
INFO: 
30/07/2023 04:49:32  Игрушка №4. Шанс выигрыша: 42,55%
30/07/2023 04:49:32  Игрушка №4. Шанс выигрыша: 42,31%
30/07/2023 04:49:32  Игрушка №4. Шанс выигрыша: 42,06%
30/07/2023 04:49:32  Игрушка №4. Шанс выигрыша: 41,81%
30/07/2023 04:49:32  Игрушка №4. Шанс выигрыша: 41,56%
30/07/2023 04:49:32  123. Шанс выигрыша: 10,87%
30/07/2023 04:49:32  Игрушка №2. Шанс выигрыша: 10,89%
30/07/2023 04:49:32  Игрушка №1. Шанс выигрыша: 26,17%
30/07/2023 04:49:32  123. Шанс выигрыша: 10,78%
30/07/2023 04:49:32  Игрушка №1. Шанс выигрыша: 25,58%
30/07/2023 04:49:32  123. Шанс выигрыша: 10,68%
30/07/2023 04:49:32  Игрушка №1. Шанс выигрыша: 24,97%
30/07/2023 04:49:32  Игрушка №1. Шанс выигрыша: 24,30%
30/07/2023 04:49:32  Игрушка №1. Шанс выигрыша: 23,61%
30/07/2023 04:49:32  Игрушка №4. Шанс выигрыша: 43,53%
30/07/2023 04:49:32  Игрушка №4. Шанс выигрыша: 43,27%
30/07/2023 04:49:32  Игрушка №1. Шанс выигрыша: 23,12%
30/07/2023 04:49:32  Игрушка №2. Шанс выигрыша: 11,55%
30/07/2023 04:49:32  Игрушка №1. Шанс выигрыша: 22,43%
30/07/2023 04:49:32  Игрушка №4. Шанс выигрыша: 43,87%

июл. 30, 2023 4:51:31 AM Model.DataLogger saveData
INFO: 
30/07/2023 04:51:25  123. Шанс выигрыша: 11,14%
30/07/2023 04:51:25  123. Шанс выигрыша: 10,93%
30/07/2023 04:51:25  Игрушка №2. Шанс выигрыша: 11,67%
30/07/2023 04:51:25  Игрушка №4. Шанс выигрыша: 43,86%
30/07/2023 04:51:25  Игрушка №4. Шанс выигрыша: 43,59%
30/07/2023 04:51:25  Игрушка №4. Шанс выигрыша: 43,32%
30/07/2023 04:51:25  Игрушка №4. Шанс выигрыша: 43,05%
30/07/2023 04:51:25  Игрушка №4. Шанс выигрыша: 42,77%
30/07/2023 04:51:25  Игрушка №4. Шанс выигрыша: 42,49%
30/07/2023 04:51:25  123. Шанс выигрыша: 11,04%
30/07/2023 04:51:25  Игрушка №3. Шанс выигрыша: 12,30%
30/07/2023 04:51:25  Игрушка №1. Шанс выигрыша: 22,69%
30/07/2023 04:51:25  Игрушка №1. Шанс выигрыша: 21,92%
30/07/2023 04:51:25  Игрушка №4. Шанс выигрыша: 43,27%
30/07/2023 04:51:25  Игрушка №4. Шанс выигрыша: 42,98%
30/07/2023 04:51:25  Игрушка №1. Шанс выигрыша: 21,35%
30/07/2023 04:51:25  Игрушка №1. Шанс выигрыша: 20,54%
30/07/2023 04:51:25  Игрушка №2. Шанс выигрыша: 12,58%
30/07/2023 04:51:25  123. Шанс выигрыша: 11,43%
30/07/2023 04:51:25  Игрушка №4. Шанс выигрыша: 43,75%

июл. 30, 2023 5:40:08 AM Model.DataLogger saveData
INFO: 
30/07/2023 05:40:03  Чебурашка. Шанс выигрыша: 100,00%

